doinglogin

verifying

getusername

connectingconnecting step1

doinglogin

verifying

getusername

connectingconnecting step1

doinglogin

verifying

getusername

connecting

connecting step1

doinglogin

verifying

getusername

connecting

connecting step1

doinglogin

verifying

getusername

connecting

connecting step1

doinglogin

verifying

getusername

connecting

connecting step1

es_challenge

doinglogin

verifying

getusername

connecting

connecting step1

es_challenge

doinglogin

verifying

getusername

connecting

connecting step1

es_challenge

